[2025-04-18T00:02:36.601+0000] {processor.py:161} INFO - Started process (PID=1528) to work on /opt/airflow/dags/pipeline.py
[2025-04-18T00:02:36.618+0000] {processor.py:830} INFO - Processing file /opt/airflow/dags/pipeline.py for tasks to queue
[2025-04-18T00:02:36.724+0000] {logging_mixin.py:188} INFO - [2025-04-18T00:02:36.723+0000] {dagbag.py:545} INFO - Filling up the DagBag from /opt/airflow/dags/pipeline.py
[2025-04-18T00:02:40.119+0000] {processor.py:840} INFO - DAG(s) 'data_pipeline_demo' retrieved from /opt/airflow/dags/pipeline.py
[2025-04-18T00:02:40.506+0000] {logging_mixin.py:188} INFO - [2025-04-18T00:02:40.505+0000] {dag.py:3096} INFO - Sync 1 DAGs
[2025-04-18T00:02:40.852+0000] {logging_mixin.py:188} INFO - [2025-04-18T00:02:40.851+0000] {dag.py:3954} INFO - Setting next_dagrun for data_pipeline_demo to None, run_after=None
[2025-04-18T00:02:41.041+0000] {processor.py:183} INFO - Processing /opt/airflow/dags/pipeline.py took 4.521 seconds
[2025-04-18T00:03:11.837+0000] {processor.py:161} INFO - Started process (PID=1534) to work on /opt/airflow/dags/pipeline.py
[2025-04-18T00:03:11.839+0000] {processor.py:830} INFO - Processing file /opt/airflow/dags/pipeline.py for tasks to queue
[2025-04-18T00:03:11.841+0000] {logging_mixin.py:188} INFO - [2025-04-18T00:03:11.841+0000] {dagbag.py:545} INFO - Filling up the DagBag from /opt/airflow/dags/pipeline.py
[2025-04-18T00:03:12.168+0000] {processor.py:840} INFO - DAG(s) 'data_pipeline_demo' retrieved from /opt/airflow/dags/pipeline.py
[2025-04-18T00:03:12.195+0000] {logging_mixin.py:188} INFO - [2025-04-18T00:03:12.195+0000] {dag.py:3096} INFO - Sync 1 DAGs
[2025-04-18T00:03:12.209+0000] {logging_mixin.py:188} INFO - [2025-04-18T00:03:12.209+0000] {dag.py:3954} INFO - Setting next_dagrun for data_pipeline_demo to None, run_after=None
[2025-04-18T00:03:12.508+0000] {processor.py:183} INFO - Processing /opt/airflow/dags/pipeline.py took 0.678 seconds
[2025-04-18T00:03:43.447+0000] {processor.py:161} INFO - Started process (PID=1540) to work on /opt/airflow/dags/pipeline.py
[2025-04-18T00:04:14.063+0000] {processor.py:830} INFO - Processing file /opt/airflow/dags/pipeline.py for tasks to queue
[2025-04-18T00:04:14.076+0000] {logging_mixin.py:188} INFO - [2025-04-18T00:04:14.075+0000] {dagbag.py:545} INFO - Filling up the DagBag from /opt/airflow/dags/pipeline.py
[2025-04-18T00:04:14.591+0000] {processor.py:840} INFO - DAG(s) 'data_pipeline_demo' retrieved from /opt/airflow/dags/pipeline.py
[2025-04-18T00:04:14.625+0000] {logging_mixin.py:188} INFO - [2025-04-18T00:04:14.625+0000] {dag.py:3096} INFO - Sync 1 DAGs
[2025-04-18T00:04:14.642+0000] {logging_mixin.py:188} INFO - [2025-04-18T00:04:14.642+0000] {dag.py:3954} INFO - Setting next_dagrun for data_pipeline_demo to None, run_after=None
[2025-04-18T00:04:15.875+0000] {processor.py:183} INFO - Processing /opt/airflow/dags/pipeline.py took 31.022 seconds
[2025-04-18T00:04:46.672+0000] {processor.py:161} INFO - Started process (PID=1546) to work on /opt/airflow/dags/pipeline.py
[2025-04-18T00:04:46.676+0000] {processor.py:830} INFO - Processing file /opt/airflow/dags/pipeline.py for tasks to queue
[2025-04-18T00:04:46.682+0000] {logging_mixin.py:188} INFO - [2025-04-18T00:04:46.681+0000] {dagbag.py:545} INFO - Filling up the DagBag from /opt/airflow/dags/pipeline.py
[2025-04-18T00:04:47.166+0000] {processor.py:840} INFO - DAG(s) 'data_pipeline_demo' retrieved from /opt/airflow/dags/pipeline.py
[2025-04-18T00:04:47.212+0000] {logging_mixin.py:188} INFO - [2025-04-18T00:04:47.211+0000] {dag.py:3096} INFO - Sync 1 DAGs
[2025-04-18T00:04:47.227+0000] {logging_mixin.py:188} INFO - [2025-04-18T00:04:47.226+0000] {dag.py:3954} INFO - Setting next_dagrun for data_pipeline_demo to None, run_after=None
[2025-04-18T00:04:47.430+0000] {processor.py:183} INFO - Processing /opt/airflow/dags/pipeline.py took 0.800 seconds
[2025-04-18T00:05:18.046+0000] {processor.py:161} INFO - Started process (PID=1552) to work on /opt/airflow/dags/pipeline.py
[2025-04-18T00:05:18.048+0000] {processor.py:830} INFO - Processing file /opt/airflow/dags/pipeline.py for tasks to queue
[2025-04-18T00:05:18.051+0000] {logging_mixin.py:188} INFO - [2025-04-18T00:05:18.051+0000] {dagbag.py:545} INFO - Filling up the DagBag from /opt/airflow/dags/pipeline.py
[2025-04-18T00:05:18.565+0000] {processor.py:840} INFO - DAG(s) 'data_pipeline_demo' retrieved from /opt/airflow/dags/pipeline.py
[2025-04-18T00:05:18.614+0000] {logging_mixin.py:188} INFO - [2025-04-18T00:05:18.614+0000] {dag.py:3096} INFO - Sync 1 DAGs
[2025-04-18T00:05:18.631+0000] {logging_mixin.py:188} INFO - [2025-04-18T00:05:18.631+0000] {dag.py:3954} INFO - Setting next_dagrun for data_pipeline_demo to None, run_after=None
[2025-04-18T00:05:18.704+0000] {processor.py:183} INFO - Processing /opt/airflow/dags/pipeline.py took 0.668 seconds
[2025-04-18T00:05:48.986+0000] {processor.py:161} INFO - Started process (PID=1558) to work on /opt/airflow/dags/pipeline.py
[2025-04-18T00:05:48.989+0000] {processor.py:830} INFO - Processing file /opt/airflow/dags/pipeline.py for tasks to queue
[2025-04-18T00:05:48.992+0000] {logging_mixin.py:188} INFO - [2025-04-18T00:05:48.992+0000] {dagbag.py:545} INFO - Filling up the DagBag from /opt/airflow/dags/pipeline.py
[2025-04-18T00:05:49.467+0000] {processor.py:840} INFO - DAG(s) 'data_pipeline_demo' retrieved from /opt/airflow/dags/pipeline.py
[2025-04-18T00:05:49.505+0000] {logging_mixin.py:188} INFO - [2025-04-18T00:05:49.504+0000] {dag.py:3096} INFO - Sync 1 DAGs
[2025-04-18T00:05:49.520+0000] {logging_mixin.py:188} INFO - [2025-04-18T00:05:49.520+0000] {dag.py:3954} INFO - Setting next_dagrun for data_pipeline_demo to None, run_after=None
[2025-04-18T00:05:49.633+0000] {processor.py:183} INFO - Processing /opt/airflow/dags/pipeline.py took 0.660 seconds
[2025-04-18T00:06:20.050+0000] {processor.py:161} INFO - Started process (PID=1564) to work on /opt/airflow/dags/pipeline.py
[2025-04-18T00:06:20.052+0000] {processor.py:830} INFO - Processing file /opt/airflow/dags/pipeline.py for tasks to queue
[2025-04-18T00:06:20.057+0000] {logging_mixin.py:188} INFO - [2025-04-18T00:06:20.056+0000] {dagbag.py:545} INFO - Filling up the DagBag from /opt/airflow/dags/pipeline.py
[2025-04-18T00:06:20.502+0000] {processor.py:840} INFO - DAG(s) 'data_pipeline_demo' retrieved from /opt/airflow/dags/pipeline.py
[2025-04-18T00:06:20.536+0000] {logging_mixin.py:188} INFO - [2025-04-18T00:06:20.535+0000] {dag.py:3096} INFO - Sync 1 DAGs
[2025-04-18T00:06:20.557+0000] {logging_mixin.py:188} INFO - [2025-04-18T00:06:20.556+0000] {dag.py:3954} INFO - Setting next_dagrun for data_pipeline_demo to None, run_after=None
[2025-04-18T00:06:20.661+0000] {processor.py:183} INFO - Processing /opt/airflow/dags/pipeline.py took 0.629 seconds
[2025-04-18T00:06:50.917+0000] {processor.py:161} INFO - Started process (PID=1570) to work on /opt/airflow/dags/pipeline.py
[2025-04-18T00:06:50.920+0000] {processor.py:830} INFO - Processing file /opt/airflow/dags/pipeline.py for tasks to queue
[2025-04-18T00:06:50.925+0000] {logging_mixin.py:188} INFO - [2025-04-18T00:06:50.924+0000] {dagbag.py:545} INFO - Filling up the DagBag from /opt/airflow/dags/pipeline.py
[2025-04-18T00:06:51.344+0000] {processor.py:840} INFO - DAG(s) 'data_pipeline_demo' retrieved from /opt/airflow/dags/pipeline.py
[2025-04-18T00:06:51.383+0000] {logging_mixin.py:188} INFO - [2025-04-18T00:06:51.382+0000] {dag.py:3096} INFO - Sync 1 DAGs
[2025-04-18T00:06:51.402+0000] {logging_mixin.py:188} INFO - [2025-04-18T00:06:51.402+0000] {dag.py:3954} INFO - Setting next_dagrun for data_pipeline_demo to None, run_after=None
[2025-04-18T00:06:51.453+0000] {processor.py:183} INFO - Processing /opt/airflow/dags/pipeline.py took 0.553 seconds
[2025-04-18T00:07:22.094+0000] {processor.py:161} INFO - Started process (PID=1576) to work on /opt/airflow/dags/pipeline.py
[2025-04-18T00:07:22.096+0000] {processor.py:830} INFO - Processing file /opt/airflow/dags/pipeline.py for tasks to queue
[2025-04-18T00:07:22.099+0000] {logging_mixin.py:188} INFO - [2025-04-18T00:07:22.099+0000] {dagbag.py:545} INFO - Filling up the DagBag from /opt/airflow/dags/pipeline.py
[2025-04-18T00:07:22.843+0000] {processor.py:840} INFO - DAG(s) 'data_pipeline_demo' retrieved from /opt/airflow/dags/pipeline.py
[2025-04-18T00:07:22.896+0000] {logging_mixin.py:188} INFO - [2025-04-18T00:07:22.895+0000] {dag.py:3096} INFO - Sync 1 DAGs
[2025-04-18T00:07:22.924+0000] {logging_mixin.py:188} INFO - [2025-04-18T00:07:22.923+0000] {dag.py:3954} INFO - Setting next_dagrun for data_pipeline_demo to None, run_after=None
[2025-04-18T00:07:23.033+0000] {processor.py:183} INFO - Processing /opt/airflow/dags/pipeline.py took 0.951 seconds
[2025-04-18T00:07:53.959+0000] {processor.py:161} INFO - Started process (PID=1582) to work on /opt/airflow/dags/pipeline.py
[2025-04-18T00:07:53.971+0000] {processor.py:830} INFO - Processing file /opt/airflow/dags/pipeline.py for tasks to queue
[2025-04-18T00:07:53.978+0000] {logging_mixin.py:188} INFO - [2025-04-18T00:07:53.977+0000] {dagbag.py:545} INFO - Filling up the DagBag from /opt/airflow/dags/pipeline.py
[2025-04-18T00:07:55.909+0000] {processor.py:840} INFO - DAG(s) 'data_pipeline_demo' retrieved from /opt/airflow/dags/pipeline.py
[2025-04-18T00:07:56.020+0000] {logging_mixin.py:188} INFO - [2025-04-18T00:07:56.019+0000] {dag.py:3096} INFO - Sync 1 DAGs
[2025-04-18T00:07:56.251+0000] {logging_mixin.py:188} INFO - [2025-04-18T00:07:56.251+0000] {dag.py:3954} INFO - Setting next_dagrun for data_pipeline_demo to None, run_after=None
[2025-04-18T00:07:56.412+0000] {processor.py:183} INFO - Processing /opt/airflow/dags/pipeline.py took 2.481 seconds
[2025-04-18T00:08:26.974+0000] {processor.py:161} INFO - Started process (PID=1588) to work on /opt/airflow/dags/pipeline.py
[2025-04-18T00:08:26.977+0000] {processor.py:830} INFO - Processing file /opt/airflow/dags/pipeline.py for tasks to queue
[2025-04-18T00:08:26.983+0000] {logging_mixin.py:188} INFO - [2025-04-18T00:08:26.982+0000] {dagbag.py:545} INFO - Filling up the DagBag from /opt/airflow/dags/pipeline.py
[2025-04-18T00:08:27.553+0000] {processor.py:840} INFO - DAG(s) 'data_pipeline_demo' retrieved from /opt/airflow/dags/pipeline.py
[2025-04-18T00:08:27.601+0000] {logging_mixin.py:188} INFO - [2025-04-18T00:08:27.600+0000] {dag.py:3096} INFO - Sync 1 DAGs
[2025-04-18T00:08:27.618+0000] {logging_mixin.py:188} INFO - [2025-04-18T00:08:27.617+0000] {dag.py:3954} INFO - Setting next_dagrun for data_pipeline_demo to None, run_after=None
[2025-04-18T00:08:27.674+0000] {processor.py:183} INFO - Processing /opt/airflow/dags/pipeline.py took 0.720 seconds
[2025-04-18T00:08:58.457+0000] {processor.py:161} INFO - Started process (PID=1594) to work on /opt/airflow/dags/pipeline.py
[2025-04-18T00:08:58.460+0000] {processor.py:830} INFO - Processing file /opt/airflow/dags/pipeline.py for tasks to queue
[2025-04-18T00:08:58.466+0000] {logging_mixin.py:188} INFO - [2025-04-18T00:08:58.465+0000] {dagbag.py:545} INFO - Filling up the DagBag from /opt/airflow/dags/pipeline.py
[2025-04-18T00:08:58.909+0000] {processor.py:840} INFO - DAG(s) 'data_pipeline_demo' retrieved from /opt/airflow/dags/pipeline.py
[2025-04-18T00:08:58.941+0000] {logging_mixin.py:188} INFO - [2025-04-18T00:08:58.940+0000] {dag.py:3096} INFO - Sync 1 DAGs
[2025-04-18T00:08:58.956+0000] {logging_mixin.py:188} INFO - [2025-04-18T00:08:58.956+0000] {dag.py:3954} INFO - Setting next_dagrun for data_pipeline_demo to None, run_after=None
[2025-04-18T00:09:05.733+0000] {processor.py:183} INFO - Processing /opt/airflow/dags/pipeline.py took 5.935 seconds
[2025-04-18T00:09:36.841+0000] {processor.py:161} INFO - Started process (PID=1600) to work on /opt/airflow/dags/pipeline.py
[2025-04-18T00:09:36.843+0000] {processor.py:830} INFO - Processing file /opt/airflow/dags/pipeline.py for tasks to queue
[2025-04-18T00:09:36.846+0000] {logging_mixin.py:188} INFO - [2025-04-18T00:09:36.846+0000] {dagbag.py:545} INFO - Filling up the DagBag from /opt/airflow/dags/pipeline.py
[2025-04-18T00:09:37.292+0000] {processor.py:840} INFO - DAG(s) 'data_pipeline_demo' retrieved from /opt/airflow/dags/pipeline.py
[2025-04-18T00:09:37.324+0000] {logging_mixin.py:188} INFO - [2025-04-18T00:09:37.323+0000] {dag.py:3096} INFO - Sync 1 DAGs
[2025-04-18T00:09:37.343+0000] {logging_mixin.py:188} INFO - [2025-04-18T00:09:37.343+0000] {dag.py:3954} INFO - Setting next_dagrun for data_pipeline_demo to None, run_after=None
[2025-04-18T00:09:37.427+0000] {processor.py:183} INFO - Processing /opt/airflow/dags/pipeline.py took 0.598 seconds
[2025-04-18T00:10:09.055+0000] {processor.py:161} INFO - Started process (PID=1606) to work on /opt/airflow/dags/pipeline.py
[2025-04-18T00:10:09.057+0000] {processor.py:830} INFO - Processing file /opt/airflow/dags/pipeline.py for tasks to queue
[2025-04-18T00:10:09.060+0000] {logging_mixin.py:188} INFO - [2025-04-18T00:10:09.059+0000] {dagbag.py:545} INFO - Filling up the DagBag from /opt/airflow/dags/pipeline.py
[2025-04-18T00:10:09.432+0000] {processor.py:840} INFO - DAG(s) 'data_pipeline_demo' retrieved from /opt/airflow/dags/pipeline.py
[2025-04-18T00:10:09.479+0000] {logging_mixin.py:188} INFO - [2025-04-18T00:10:09.479+0000] {dag.py:3096} INFO - Sync 1 DAGs
[2025-04-18T00:10:09.501+0000] {logging_mixin.py:188} INFO - [2025-04-18T00:10:09.500+0000] {dag.py:3954} INFO - Setting next_dagrun for data_pipeline_demo to None, run_after=None
[2025-04-18T00:10:09.569+0000] {processor.py:183} INFO - Processing /opt/airflow/dags/pipeline.py took 0.520 seconds
[2025-04-18T00:10:39.756+0000] {processor.py:161} INFO - Started process (PID=1612) to work on /opt/airflow/dags/pipeline.py
[2025-04-18T00:10:39.759+0000] {processor.py:830} INFO - Processing file /opt/airflow/dags/pipeline.py for tasks to queue
[2025-04-18T00:10:39.762+0000] {logging_mixin.py:188} INFO - [2025-04-18T00:10:39.762+0000] {dagbag.py:545} INFO - Filling up the DagBag from /opt/airflow/dags/pipeline.py
[2025-04-18T00:10:40.174+0000] {processor.py:840} INFO - DAG(s) 'data_pipeline_demo' retrieved from /opt/airflow/dags/pipeline.py
[2025-04-18T00:10:40.204+0000] {logging_mixin.py:188} INFO - [2025-04-18T00:10:40.204+0000] {dag.py:3096} INFO - Sync 1 DAGs
[2025-04-18T00:10:40.218+0000] {logging_mixin.py:188} INFO - [2025-04-18T00:10:40.218+0000] {dag.py:3954} INFO - Setting next_dagrun for data_pipeline_demo to None, run_after=None
[2025-04-18T00:10:40.254+0000] {processor.py:183} INFO - Processing /opt/airflow/dags/pipeline.py took 0.511 seconds
[2025-04-18T00:11:10.966+0000] {processor.py:161} INFO - Started process (PID=1618) to work on /opt/airflow/dags/pipeline.py
[2025-04-18T00:11:10.968+0000] {processor.py:830} INFO - Processing file /opt/airflow/dags/pipeline.py for tasks to queue
[2025-04-18T00:11:10.973+0000] {logging_mixin.py:188} INFO - [2025-04-18T00:11:10.972+0000] {dagbag.py:545} INFO - Filling up the DagBag from /opt/airflow/dags/pipeline.py
[2025-04-18T00:11:11.422+0000] {processor.py:840} INFO - DAG(s) 'data_pipeline_demo' retrieved from /opt/airflow/dags/pipeline.py
[2025-04-18T00:11:11.456+0000] {logging_mixin.py:188} INFO - [2025-04-18T00:11:11.455+0000] {dag.py:3096} INFO - Sync 1 DAGs
[2025-04-18T00:11:11.473+0000] {logging_mixin.py:188} INFO - [2025-04-18T00:11:11.473+0000] {dag.py:3954} INFO - Setting next_dagrun for data_pipeline_demo to None, run_after=None
[2025-04-18T00:11:11.514+0000] {processor.py:183} INFO - Processing /opt/airflow/dags/pipeline.py took 0.559 seconds
[2025-04-18T00:11:42.589+0000] {processor.py:161} INFO - Started process (PID=1624) to work on /opt/airflow/dags/pipeline.py
[2025-04-18T00:11:42.591+0000] {processor.py:830} INFO - Processing file /opt/airflow/dags/pipeline.py for tasks to queue
[2025-04-18T00:11:42.594+0000] {logging_mixin.py:188} INFO - [2025-04-18T00:11:42.594+0000] {dagbag.py:545} INFO - Filling up the DagBag from /opt/airflow/dags/pipeline.py
[2025-04-18T00:11:43.084+0000] {processor.py:840} INFO - DAG(s) 'data_pipeline_demo' retrieved from /opt/airflow/dags/pipeline.py
[2025-04-18T00:11:43.125+0000] {logging_mixin.py:188} INFO - [2025-04-18T00:11:43.125+0000] {dag.py:3096} INFO - Sync 1 DAGs
[2025-04-18T00:11:43.143+0000] {logging_mixin.py:188} INFO - [2025-04-18T00:11:43.143+0000] {dag.py:3954} INFO - Setting next_dagrun for data_pipeline_demo to None, run_after=None
[2025-04-18T00:11:43.222+0000] {processor.py:183} INFO - Processing /opt/airflow/dags/pipeline.py took 0.645 seconds
[2025-04-18T00:12:13.884+0000] {processor.py:161} INFO - Started process (PID=1630) to work on /opt/airflow/dags/pipeline.py
[2025-04-18T00:12:13.889+0000] {processor.py:830} INFO - Processing file /opt/airflow/dags/pipeline.py for tasks to queue
[2025-04-18T00:12:13.897+0000] {logging_mixin.py:188} INFO - [2025-04-18T00:12:13.895+0000] {dagbag.py:545} INFO - Filling up the DagBag from /opt/airflow/dags/pipeline.py
[2025-04-18T00:12:14.437+0000] {processor.py:840} INFO - DAG(s) 'data_pipeline_demo' retrieved from /opt/airflow/dags/pipeline.py
[2025-04-18T00:12:14.466+0000] {logging_mixin.py:188} INFO - [2025-04-18T00:12:14.465+0000] {dag.py:3096} INFO - Sync 1 DAGs
[2025-04-18T00:12:14.479+0000] {logging_mixin.py:188} INFO - [2025-04-18T00:12:14.479+0000] {dag.py:3954} INFO - Setting next_dagrun for data_pipeline_demo to None, run_after=None
[2025-04-18T00:12:14.595+0000] {processor.py:183} INFO - Processing /opt/airflow/dags/pipeline.py took 0.729 seconds
[2025-04-18T00:12:45.524+0000] {processor.py:161} INFO - Started process (PID=1636) to work on /opt/airflow/dags/pipeline.py
[2025-04-18T00:12:45.528+0000] {processor.py:830} INFO - Processing file /opt/airflow/dags/pipeline.py for tasks to queue
[2025-04-18T00:12:45.538+0000] {logging_mixin.py:188} INFO - [2025-04-18T00:12:45.536+0000] {dagbag.py:545} INFO - Filling up the DagBag from /opt/airflow/dags/pipeline.py
[2025-04-18T00:12:46.064+0000] {processor.py:840} INFO - DAG(s) 'data_pipeline_demo' retrieved from /opt/airflow/dags/pipeline.py
[2025-04-18T00:12:46.109+0000] {logging_mixin.py:188} INFO - [2025-04-18T00:12:46.108+0000] {dag.py:3096} INFO - Sync 1 DAGs
[2025-04-18T00:12:46.146+0000] {logging_mixin.py:188} INFO - [2025-04-18T00:12:46.146+0000] {dag.py:3954} INFO - Setting next_dagrun for data_pipeline_demo to None, run_after=None
[2025-04-18T00:12:46.207+0000] {processor.py:183} INFO - Processing /opt/airflow/dags/pipeline.py took 0.703 seconds
[2025-04-18T03:13:10.952+0000] {processor.py:161} INFO - Started process (PID=1642) to work on /opt/airflow/dags/pipeline.py
[2025-04-18T03:13:10.957+0000] {processor.py:830} INFO - Processing file /opt/airflow/dags/pipeline.py for tasks to queue
[2025-04-18T03:13:10.962+0000] {logging_mixin.py:188} INFO - [2025-04-18T03:13:10.961+0000] {dagbag.py:545} INFO - Filling up the DagBag from /opt/airflow/dags/pipeline.py
[2025-04-18T03:13:12.379+0000] {processor.py:840} INFO - DAG(s) 'data_pipeline_demo' retrieved from /opt/airflow/dags/pipeline.py
[2025-04-18T03:13:12.461+0000] {logging_mixin.py:188} INFO - [2025-04-18T03:13:12.460+0000] {dag.py:3096} INFO - Sync 1 DAGs
[2025-04-18T03:13:12.556+0000] {logging_mixin.py:188} INFO - [2025-04-18T03:13:12.555+0000] {dag.py:3954} INFO - Setting next_dagrun for data_pipeline_demo to None, run_after=None
[2025-04-18T03:13:12.682+0000] {processor.py:183} INFO - Processing /opt/airflow/dags/pipeline.py took 1.765 seconds
[2025-04-18T12:29:01.652+0000] {processor.py:161} INFO - Started process (PID=1648) to work on /opt/airflow/dags/pipeline.py
[2025-04-18T12:29:01.657+0000] {processor.py:830} INFO - Processing file /opt/airflow/dags/pipeline.py for tasks to queue
[2025-04-18T12:29:01.663+0000] {logging_mixin.py:188} INFO - [2025-04-18T12:29:01.662+0000] {dagbag.py:545} INFO - Filling up the DagBag from /opt/airflow/dags/pipeline.py
[2025-04-18T12:29:02.717+0000] {processor.py:840} INFO - DAG(s) 'data_pipeline_demo' retrieved from /opt/airflow/dags/pipeline.py
[2025-04-18T12:29:02.810+0000] {logging_mixin.py:188} INFO - [2025-04-18T12:29:02.809+0000] {dag.py:3096} INFO - Sync 1 DAGs
[2025-04-18T12:29:02.851+0000] {logging_mixin.py:188} INFO - [2025-04-18T12:29:02.850+0000] {dag.py:3954} INFO - Setting next_dagrun for data_pipeline_demo to None, run_after=None
[2025-04-18T12:29:02.915+0000] {processor.py:183} INFO - Processing /opt/airflow/dags/pipeline.py took 1.331 seconds
[2025-04-18T12:29:33.353+0000] {processor.py:161} INFO - Started process (PID=1654) to work on /opt/airflow/dags/pipeline.py
[2025-04-18T12:29:33.356+0000] {processor.py:830} INFO - Processing file /opt/airflow/dags/pipeline.py for tasks to queue
[2025-04-18T12:29:33.360+0000] {logging_mixin.py:188} INFO - [2025-04-18T12:29:33.360+0000] {dagbag.py:545} INFO - Filling up the DagBag from /opt/airflow/dags/pipeline.py
[2025-04-18T12:29:33.782+0000] {processor.py:840} INFO - DAG(s) 'data_pipeline_demo' retrieved from /opt/airflow/dags/pipeline.py
[2025-04-18T12:29:33.818+0000] {logging_mixin.py:188} INFO - [2025-04-18T12:29:33.817+0000] {dag.py:3096} INFO - Sync 1 DAGs
[2025-04-18T12:29:33.835+0000] {logging_mixin.py:188} INFO - [2025-04-18T12:29:33.834+0000] {dag.py:3954} INFO - Setting next_dagrun for data_pipeline_demo to None, run_after=None
[2025-04-18T12:29:33.859+0000] {processor.py:183} INFO - Processing /opt/airflow/dags/pipeline.py took 0.526 seconds
[2025-04-18T12:35:32.287+0000] {processor.py:161} INFO - Started process (PID=1660) to work on /opt/airflow/dags/pipeline.py
[2025-04-18T12:35:32.297+0000] {processor.py:830} INFO - Processing file /opt/airflow/dags/pipeline.py for tasks to queue
[2025-04-18T12:35:32.310+0000] {logging_mixin.py:188} INFO - [2025-04-18T12:35:32.309+0000] {dagbag.py:545} INFO - Filling up the DagBag from /opt/airflow/dags/pipeline.py
[2025-04-18T12:35:33.573+0000] {processor.py:840} INFO - DAG(s) 'data_pipeline_demo' retrieved from /opt/airflow/dags/pipeline.py
[2025-04-18T12:35:33.613+0000] {logging_mixin.py:188} INFO - [2025-04-18T12:35:33.612+0000] {dag.py:3096} INFO - Sync 1 DAGs
[2025-04-18T12:35:33.645+0000] {logging_mixin.py:188} INFO - [2025-04-18T12:35:33.644+0000] {dag.py:3954} INFO - Setting next_dagrun for data_pipeline_demo to None, run_after=None
[2025-04-18T12:35:33.686+0000] {processor.py:183} INFO - Processing /opt/airflow/dags/pipeline.py took 1.431 seconds
[2025-04-18T12:36:03.948+0000] {processor.py:161} INFO - Started process (PID=1666) to work on /opt/airflow/dags/pipeline.py
[2025-04-18T12:36:03.950+0000] {processor.py:830} INFO - Processing file /opt/airflow/dags/pipeline.py for tasks to queue
[2025-04-18T12:36:03.954+0000] {logging_mixin.py:188} INFO - [2025-04-18T12:36:03.954+0000] {dagbag.py:545} INFO - Filling up the DagBag from /opt/airflow/dags/pipeline.py
[2025-04-18T12:36:04.286+0000] {processor.py:840} INFO - DAG(s) 'data_pipeline_demo' retrieved from /opt/airflow/dags/pipeline.py
[2025-04-18T12:36:04.314+0000] {logging_mixin.py:188} INFO - [2025-04-18T12:36:04.313+0000] {dag.py:3096} INFO - Sync 1 DAGs
[2025-04-18T12:36:04.327+0000] {logging_mixin.py:188} INFO - [2025-04-18T12:36:04.327+0000] {dag.py:3954} INFO - Setting next_dagrun for data_pipeline_demo to None, run_after=None
[2025-04-18T12:36:04.351+0000] {processor.py:183} INFO - Processing /opt/airflow/dags/pipeline.py took 0.417 seconds
[2025-04-18T12:36:34.923+0000] {processor.py:161} INFO - Started process (PID=1672) to work on /opt/airflow/dags/pipeline.py
[2025-04-18T12:36:34.925+0000] {processor.py:830} INFO - Processing file /opt/airflow/dags/pipeline.py for tasks to queue
[2025-04-18T12:36:34.927+0000] {logging_mixin.py:188} INFO - [2025-04-18T12:36:34.926+0000] {dagbag.py:545} INFO - Filling up the DagBag from /opt/airflow/dags/pipeline.py
[2025-04-18T12:36:35.269+0000] {processor.py:840} INFO - DAG(s) 'data_pipeline_demo' retrieved from /opt/airflow/dags/pipeline.py
[2025-04-18T12:36:35.297+0000] {logging_mixin.py:188} INFO - [2025-04-18T12:36:35.297+0000] {dag.py:3096} INFO - Sync 1 DAGs
[2025-04-18T12:36:35.310+0000] {logging_mixin.py:188} INFO - [2025-04-18T12:36:35.310+0000] {dag.py:3954} INFO - Setting next_dagrun for data_pipeline_demo to None, run_after=None
[2025-04-18T12:36:35.389+0000] {processor.py:183} INFO - Processing /opt/airflow/dags/pipeline.py took 0.473 seconds
[2025-04-18T12:37:05.789+0000] {processor.py:161} INFO - Started process (PID=1678) to work on /opt/airflow/dags/pipeline.py
[2025-04-18T12:37:05.791+0000] {processor.py:830} INFO - Processing file /opt/airflow/dags/pipeline.py for tasks to queue
[2025-04-18T12:37:05.796+0000] {logging_mixin.py:188} INFO - [2025-04-18T12:37:05.795+0000] {dagbag.py:545} INFO - Filling up the DagBag from /opt/airflow/dags/pipeline.py
[2025-04-18T12:37:06.316+0000] {processor.py:840} INFO - DAG(s) 'data_pipeline_demo' retrieved from /opt/airflow/dags/pipeline.py
[2025-04-18T12:37:06.368+0000] {logging_mixin.py:188} INFO - [2025-04-18T12:37:06.368+0000] {dag.py:3096} INFO - Sync 1 DAGs
[2025-04-18T12:37:06.401+0000] {logging_mixin.py:188} INFO - [2025-04-18T12:37:06.400+0000] {dag.py:3954} INFO - Setting next_dagrun for data_pipeline_demo to None, run_after=None
[2025-04-18T12:37:06.533+0000] {processor.py:183} INFO - Processing /opt/airflow/dags/pipeline.py took 0.760 seconds
[2025-04-18T12:37:37.030+0000] {processor.py:161} INFO - Started process (PID=1684) to work on /opt/airflow/dags/pipeline.py
[2025-04-18T12:37:37.036+0000] {processor.py:830} INFO - Processing file /opt/airflow/dags/pipeline.py for tasks to queue
[2025-04-18T12:37:37.046+0000] {logging_mixin.py:188} INFO - [2025-04-18T12:37:37.045+0000] {dagbag.py:545} INFO - Filling up the DagBag from /opt/airflow/dags/pipeline.py
[2025-04-18T12:37:37.880+0000] {processor.py:840} INFO - DAG(s) 'data_pipeline_demo' retrieved from /opt/airflow/dags/pipeline.py
[2025-04-18T12:37:37.959+0000] {logging_mixin.py:188} INFO - [2025-04-18T12:37:37.958+0000] {dag.py:3096} INFO - Sync 1 DAGs
[2025-04-18T12:37:37.973+0000] {logging_mixin.py:188} INFO - [2025-04-18T12:37:37.973+0000] {dag.py:3954} INFO - Setting next_dagrun for data_pipeline_demo to None, run_after=None
[2025-04-18T12:37:38.035+0000] {processor.py:183} INFO - Processing /opt/airflow/dags/pipeline.py took 0.687 seconds
[2025-04-18T12:38:08.757+0000] {processor.py:161} INFO - Started process (PID=1690) to work on /opt/airflow/dags/pipeline.py
[2025-04-18T12:38:08.760+0000] {processor.py:830} INFO - Processing file /opt/airflow/dags/pipeline.py for tasks to queue
[2025-04-18T12:38:08.767+0000] {logging_mixin.py:188} INFO - [2025-04-18T12:38:08.766+0000] {dagbag.py:545} INFO - Filling up the DagBag from /opt/airflow/dags/pipeline.py
[2025-04-18T12:38:09.272+0000] {processor.py:840} INFO - DAG(s) 'data_pipeline_demo' retrieved from /opt/airflow/dags/pipeline.py
[2025-04-18T12:38:09.311+0000] {logging_mixin.py:188} INFO - [2025-04-18T12:38:09.310+0000] {dag.py:3096} INFO - Sync 1 DAGs
[2025-04-18T12:38:09.333+0000] {logging_mixin.py:188} INFO - [2025-04-18T12:38:09.332+0000] {dag.py:3954} INFO - Setting next_dagrun for data_pipeline_demo to None, run_after=None
[2025-04-18T12:38:09.426+0000] {processor.py:183} INFO - Processing /opt/airflow/dags/pipeline.py took 0.692 seconds
[2025-04-18T12:38:39.787+0000] {processor.py:161} INFO - Started process (PID=1696) to work on /opt/airflow/dags/pipeline.py
[2025-04-18T12:38:39.789+0000] {processor.py:830} INFO - Processing file /opt/airflow/dags/pipeline.py for tasks to queue
[2025-04-18T12:38:39.792+0000] {logging_mixin.py:188} INFO - [2025-04-18T12:38:39.792+0000] {dagbag.py:545} INFO - Filling up the DagBag from /opt/airflow/dags/pipeline.py
[2025-04-18T12:38:40.332+0000] {processor.py:840} INFO - DAG(s) 'data_pipeline_demo' retrieved from /opt/airflow/dags/pipeline.py
[2025-04-18T12:38:40.366+0000] {logging_mixin.py:188} INFO - [2025-04-18T12:38:40.366+0000] {dag.py:3096} INFO - Sync 1 DAGs
[2025-04-18T12:38:40.387+0000] {logging_mixin.py:188} INFO - [2025-04-18T12:38:40.387+0000] {dag.py:3954} INFO - Setting next_dagrun for data_pipeline_demo to None, run_after=None
[2025-04-18T12:38:40.439+0000] {processor.py:183} INFO - Processing /opt/airflow/dags/pipeline.py took 0.663 seconds
[2025-04-18T12:39:11.353+0000] {processor.py:161} INFO - Started process (PID=1702) to work on /opt/airflow/dags/pipeline.py
[2025-04-18T12:39:11.356+0000] {processor.py:830} INFO - Processing file /opt/airflow/dags/pipeline.py for tasks to queue
[2025-04-18T12:39:11.362+0000] {logging_mixin.py:188} INFO - [2025-04-18T12:39:11.361+0000] {dagbag.py:545} INFO - Filling up the DagBag from /opt/airflow/dags/pipeline.py
[2025-04-18T12:39:11.832+0000] {processor.py:840} INFO - DAG(s) 'data_pipeline_demo' retrieved from /opt/airflow/dags/pipeline.py
[2025-04-18T12:39:11.870+0000] {logging_mixin.py:188} INFO - [2025-04-18T12:39:11.870+0000] {dag.py:3096} INFO - Sync 1 DAGs
[2025-04-18T12:39:11.888+0000] {logging_mixin.py:188} INFO - [2025-04-18T12:39:11.888+0000] {dag.py:3954} INFO - Setting next_dagrun for data_pipeline_demo to None, run_after=None
[2025-04-18T12:39:11.974+0000] {processor.py:183} INFO - Processing /opt/airflow/dags/pipeline.py took 0.651 seconds
[2025-04-18T12:39:42.188+0000] {processor.py:161} INFO - Started process (PID=1708) to work on /opt/airflow/dags/pipeline.py
[2025-04-18T12:39:42.189+0000] {processor.py:830} INFO - Processing file /opt/airflow/dags/pipeline.py for tasks to queue
[2025-04-18T12:39:42.192+0000] {logging_mixin.py:188} INFO - [2025-04-18T12:39:42.191+0000] {dagbag.py:545} INFO - Filling up the DagBag from /opt/airflow/dags/pipeline.py
[2025-04-18T12:39:42.723+0000] {processor.py:840} INFO - DAG(s) 'data_pipeline_demo' retrieved from /opt/airflow/dags/pipeline.py
[2025-04-18T12:39:42.763+0000] {logging_mixin.py:188} INFO - [2025-04-18T12:39:42.763+0000] {dag.py:3096} INFO - Sync 1 DAGs
[2025-04-18T12:39:42.783+0000] {logging_mixin.py:188} INFO - [2025-04-18T12:39:42.782+0000] {dag.py:3954} INFO - Setting next_dagrun for data_pipeline_demo to None, run_after=None
[2025-04-18T12:39:42.823+0000] {processor.py:183} INFO - Processing /opt/airflow/dags/pipeline.py took 0.643 seconds
[2025-04-18T12:40:13.469+0000] {processor.py:161} INFO - Started process (PID=1714) to work on /opt/airflow/dags/pipeline.py
[2025-04-18T12:40:13.472+0000] {processor.py:830} INFO - Processing file /opt/airflow/dags/pipeline.py for tasks to queue
[2025-04-18T12:40:13.475+0000] {logging_mixin.py:188} INFO - [2025-04-18T12:40:13.474+0000] {dagbag.py:545} INFO - Filling up the DagBag from /opt/airflow/dags/pipeline.py
[2025-04-18T12:40:13.908+0000] {processor.py:840} INFO - DAG(s) 'data_pipeline_demo' retrieved from /opt/airflow/dags/pipeline.py
[2025-04-18T12:40:13.953+0000] {logging_mixin.py:188} INFO - [2025-04-18T12:40:13.952+0000] {dag.py:3096} INFO - Sync 1 DAGs
[2025-04-18T12:40:13.981+0000] {logging_mixin.py:188} INFO - [2025-04-18T12:40:13.980+0000] {dag.py:3954} INFO - Setting next_dagrun for data_pipeline_demo to None, run_after=None
[2025-04-18T12:40:14.063+0000] {processor.py:183} INFO - Processing /opt/airflow/dags/pipeline.py took 0.609 seconds
[2025-04-18T12:40:44.744+0000] {processor.py:161} INFO - Started process (PID=1720) to work on /opt/airflow/dags/pipeline.py
[2025-04-18T12:40:44.746+0000] {processor.py:830} INFO - Processing file /opt/airflow/dags/pipeline.py for tasks to queue
[2025-04-18T12:40:44.748+0000] {logging_mixin.py:188} INFO - [2025-04-18T12:40:44.748+0000] {dagbag.py:545} INFO - Filling up the DagBag from /opt/airflow/dags/pipeline.py
[2025-04-18T12:40:45.154+0000] {processor.py:840} INFO - DAG(s) 'data_pipeline_demo' retrieved from /opt/airflow/dags/pipeline.py
[2025-04-18T12:40:45.194+0000] {logging_mixin.py:188} INFO - [2025-04-18T12:40:45.194+0000] {dag.py:3096} INFO - Sync 1 DAGs
[2025-04-18T12:40:45.216+0000] {logging_mixin.py:188} INFO - [2025-04-18T12:40:45.215+0000] {dag.py:3954} INFO - Setting next_dagrun for data_pipeline_demo to None, run_after=None
[2025-04-18T12:40:45.300+0000] {processor.py:183} INFO - Processing /opt/airflow/dags/pipeline.py took 0.563 seconds
[2025-04-18T12:41:15.950+0000] {processor.py:161} INFO - Started process (PID=1726) to work on /opt/airflow/dags/pipeline.py
[2025-04-18T12:41:15.953+0000] {processor.py:830} INFO - Processing file /opt/airflow/dags/pipeline.py for tasks to queue
[2025-04-18T12:41:15.958+0000] {logging_mixin.py:188} INFO - [2025-04-18T12:41:15.957+0000] {dagbag.py:545} INFO - Filling up the DagBag from /opt/airflow/dags/pipeline.py
[2025-04-18T12:41:16.402+0000] {processor.py:840} INFO - DAG(s) 'data_pipeline_demo' retrieved from /opt/airflow/dags/pipeline.py
[2025-04-18T12:41:16.431+0000] {logging_mixin.py:188} INFO - [2025-04-18T12:41:16.431+0000] {dag.py:3096} INFO - Sync 1 DAGs
[2025-04-18T12:41:16.449+0000] {logging_mixin.py:188} INFO - [2025-04-18T12:41:16.448+0000] {dag.py:3954} INFO - Setting next_dagrun for data_pipeline_demo to None, run_after=None
[2025-04-18T12:41:16.519+0000] {processor.py:183} INFO - Processing /opt/airflow/dags/pipeline.py took 0.607 seconds
[2025-04-18T12:41:46.882+0000] {processor.py:161} INFO - Started process (PID=1732) to work on /opt/airflow/dags/pipeline.py
[2025-04-18T12:41:46.887+0000] {processor.py:830} INFO - Processing file /opt/airflow/dags/pipeline.py for tasks to queue
[2025-04-18T12:41:46.893+0000] {logging_mixin.py:188} INFO - [2025-04-18T12:41:46.892+0000] {dagbag.py:545} INFO - Filling up the DagBag from /opt/airflow/dags/pipeline.py
[2025-04-18T12:41:47.599+0000] {processor.py:840} INFO - DAG(s) 'data_pipeline_demo' retrieved from /opt/airflow/dags/pipeline.py
[2025-04-18T12:41:47.701+0000] {logging_mixin.py:188} INFO - [2025-04-18T12:41:47.700+0000] {dag.py:3096} INFO - Sync 1 DAGs
[2025-04-18T12:41:47.762+0000] {logging_mixin.py:188} INFO - [2025-04-18T12:41:47.761+0000] {dag.py:3954} INFO - Setting next_dagrun for data_pipeline_demo to None, run_after=None
[2025-04-18T12:41:47.817+0000] {processor.py:183} INFO - Processing /opt/airflow/dags/pipeline.py took 0.959 seconds
[2025-04-18T12:42:18.704+0000] {processor.py:161} INFO - Started process (PID=1738) to work on /opt/airflow/dags/pipeline.py
[2025-04-18T12:42:18.708+0000] {processor.py:830} INFO - Processing file /opt/airflow/dags/pipeline.py for tasks to queue
[2025-04-18T12:42:18.714+0000] {logging_mixin.py:188} INFO - [2025-04-18T12:42:18.713+0000] {dagbag.py:545} INFO - Filling up the DagBag from /opt/airflow/dags/pipeline.py
[2025-04-18T12:42:19.167+0000] {processor.py:840} INFO - DAG(s) 'data_pipeline_demo' retrieved from /opt/airflow/dags/pipeline.py
[2025-04-18T12:42:19.202+0000] {logging_mixin.py:188} INFO - [2025-04-18T12:42:19.202+0000] {dag.py:3096} INFO - Sync 1 DAGs
[2025-04-18T12:42:19.218+0000] {logging_mixin.py:188} INFO - [2025-04-18T12:42:19.218+0000] {dag.py:3954} INFO - Setting next_dagrun for data_pipeline_demo to None, run_after=None
[2025-04-18T12:42:19.354+0000] {processor.py:183} INFO - Processing /opt/airflow/dags/pipeline.py took 0.672 seconds
[2025-04-18T12:42:50.264+0000] {processor.py:161} INFO - Started process (PID=1744) to work on /opt/airflow/dags/pipeline.py
[2025-04-18T12:42:50.267+0000] {processor.py:830} INFO - Processing file /opt/airflow/dags/pipeline.py for tasks to queue
[2025-04-18T12:42:50.273+0000] {logging_mixin.py:188} INFO - [2025-04-18T12:42:50.272+0000] {dagbag.py:545} INFO - Filling up the DagBag from /opt/airflow/dags/pipeline.py
[2025-04-18T12:42:50.781+0000] {processor.py:840} INFO - DAG(s) 'data_pipeline_demo' retrieved from /opt/airflow/dags/pipeline.py
[2025-04-18T12:42:50.862+0000] {logging_mixin.py:188} INFO - [2025-04-18T12:42:50.861+0000] {dag.py:3096} INFO - Sync 1 DAGs
[2025-04-18T12:42:50.891+0000] {logging_mixin.py:188} INFO - [2025-04-18T12:42:50.890+0000] {dag.py:3954} INFO - Setting next_dagrun for data_pipeline_demo to None, run_after=None
[2025-04-18T12:42:51.025+0000] {processor.py:183} INFO - Processing /opt/airflow/dags/pipeline.py took 0.782 seconds
[2025-04-18T12:43:21.288+0000] {processor.py:161} INFO - Started process (PID=1750) to work on /opt/airflow/dags/pipeline.py
[2025-04-18T12:43:21.294+0000] {processor.py:830} INFO - Processing file /opt/airflow/dags/pipeline.py for tasks to queue
[2025-04-18T12:43:21.303+0000] {logging_mixin.py:188} INFO - [2025-04-18T12:43:21.301+0000] {dagbag.py:545} INFO - Filling up the DagBag from /opt/airflow/dags/pipeline.py
[2025-04-18T12:43:21.793+0000] {processor.py:840} INFO - DAG(s) 'data_pipeline_demo' retrieved from /opt/airflow/dags/pipeline.py
[2025-04-18T12:43:21.874+0000] {logging_mixin.py:188} INFO - [2025-04-18T12:43:21.873+0000] {dag.py:3096} INFO - Sync 1 DAGs
[2025-04-18T12:43:21.908+0000] {logging_mixin.py:188} INFO - [2025-04-18T12:43:21.907+0000] {dag.py:3954} INFO - Setting next_dagrun for data_pipeline_demo to None, run_after=None
[2025-04-18T12:43:22.048+0000] {processor.py:183} INFO - Processing /opt/airflow/dags/pipeline.py took 0.814 seconds
[2025-04-18T12:43:52.822+0000] {processor.py:161} INFO - Started process (PID=1756) to work on /opt/airflow/dags/pipeline.py
[2025-04-18T12:43:52.825+0000] {processor.py:830} INFO - Processing file /opt/airflow/dags/pipeline.py for tasks to queue
[2025-04-18T12:43:52.831+0000] {logging_mixin.py:188} INFO - [2025-04-18T12:43:52.830+0000] {dagbag.py:545} INFO - Filling up the DagBag from /opt/airflow/dags/pipeline.py
[2025-04-18T12:43:53.243+0000] {processor.py:840} INFO - DAG(s) 'data_pipeline_demo' retrieved from /opt/airflow/dags/pipeline.py
[2025-04-18T12:43:53.290+0000] {logging_mixin.py:188} INFO - [2025-04-18T12:43:53.289+0000] {dag.py:3096} INFO - Sync 1 DAGs
[2025-04-18T12:43:53.308+0000] {logging_mixin.py:188} INFO - [2025-04-18T12:43:53.308+0000] {dag.py:3954} INFO - Setting next_dagrun for data_pipeline_demo to None, run_after=None
[2025-04-18T12:43:53.399+0000] {processor.py:183} INFO - Processing /opt/airflow/dags/pipeline.py took 0.610 seconds
[2025-04-18T12:44:23.702+0000] {processor.py:161} INFO - Started process (PID=1762) to work on /opt/airflow/dags/pipeline.py
[2025-04-18T12:44:23.705+0000] {processor.py:830} INFO - Processing file /opt/airflow/dags/pipeline.py for tasks to queue
[2025-04-18T12:44:23.711+0000] {logging_mixin.py:188} INFO - [2025-04-18T12:44:23.710+0000] {dagbag.py:545} INFO - Filling up the DagBag from /opt/airflow/dags/pipeline.py
[2025-04-18T12:44:24.195+0000] {processor.py:840} INFO - DAG(s) 'data_pipeline_demo' retrieved from /opt/airflow/dags/pipeline.py
[2025-04-18T12:44:24.254+0000] {logging_mixin.py:188} INFO - [2025-04-18T12:44:24.253+0000] {dag.py:3096} INFO - Sync 1 DAGs
[2025-04-18T12:44:24.295+0000] {logging_mixin.py:188} INFO - [2025-04-18T12:44:24.295+0000] {dag.py:3954} INFO - Setting next_dagrun for data_pipeline_demo to None, run_after=None
[2025-04-18T12:44:24.360+0000] {processor.py:183} INFO - Processing /opt/airflow/dags/pipeline.py took 0.685 seconds
[2025-04-18T12:44:55.003+0000] {processor.py:161} INFO - Started process (PID=1768) to work on /opt/airflow/dags/pipeline.py
[2025-04-18T12:44:55.007+0000] {processor.py:830} INFO - Processing file /opt/airflow/dags/pipeline.py for tasks to queue
[2025-04-18T12:44:55.013+0000] {logging_mixin.py:188} INFO - [2025-04-18T12:44:55.012+0000] {dagbag.py:545} INFO - Filling up the DagBag from /opt/airflow/dags/pipeline.py
[2025-04-18T12:44:55.510+0000] {processor.py:840} INFO - DAG(s) 'data_pipeline_demo' retrieved from /opt/airflow/dags/pipeline.py
[2025-04-18T12:44:55.542+0000] {logging_mixin.py:188} INFO - [2025-04-18T12:44:55.542+0000] {dag.py:3096} INFO - Sync 1 DAGs
[2025-04-18T12:44:55.561+0000] {logging_mixin.py:188} INFO - [2025-04-18T12:44:55.560+0000] {dag.py:3954} INFO - Setting next_dagrun for data_pipeline_demo to None, run_after=None
[2025-04-18T12:44:55.618+0000] {processor.py:183} INFO - Processing /opt/airflow/dags/pipeline.py took 0.637 seconds
[2025-04-18T12:45:25.837+0000] {processor.py:161} INFO - Started process (PID=1774) to work on /opt/airflow/dags/pipeline.py
[2025-04-18T12:45:25.838+0000] {processor.py:830} INFO - Processing file /opt/airflow/dags/pipeline.py for tasks to queue
[2025-04-18T12:45:25.841+0000] {logging_mixin.py:188} INFO - [2025-04-18T12:45:25.841+0000] {dagbag.py:545} INFO - Filling up the DagBag from /opt/airflow/dags/pipeline.py
[2025-04-18T12:45:26.311+0000] {processor.py:840} INFO - DAG(s) 'data_pipeline_demo' retrieved from /opt/airflow/dags/pipeline.py
[2025-04-18T12:45:26.342+0000] {logging_mixin.py:188} INFO - [2025-04-18T12:45:26.341+0000] {dag.py:3096} INFO - Sync 1 DAGs
[2025-04-18T12:45:26.354+0000] {logging_mixin.py:188} INFO - [2025-04-18T12:45:26.354+0000] {dag.py:3954} INFO - Setting next_dagrun for data_pipeline_demo to None, run_after=None
[2025-04-18T12:45:26.458+0000] {processor.py:183} INFO - Processing /opt/airflow/dags/pipeline.py took 0.632 seconds
[2025-04-18T12:45:57.349+0000] {processor.py:161} INFO - Started process (PID=1780) to work on /opt/airflow/dags/pipeline.py
[2025-04-18T12:45:57.352+0000] {processor.py:830} INFO - Processing file /opt/airflow/dags/pipeline.py for tasks to queue
[2025-04-18T12:45:57.358+0000] {logging_mixin.py:188} INFO - [2025-04-18T12:45:57.357+0000] {dagbag.py:545} INFO - Filling up the DagBag from /opt/airflow/dags/pipeline.py
[2025-04-18T12:45:57.848+0000] {processor.py:840} INFO - DAG(s) 'data_pipeline_demo' retrieved from /opt/airflow/dags/pipeline.py
[2025-04-18T12:45:57.887+0000] {logging_mixin.py:188} INFO - [2025-04-18T12:45:57.886+0000] {dag.py:3096} INFO - Sync 1 DAGs
[2025-04-18T12:45:57.902+0000] {logging_mixin.py:188} INFO - [2025-04-18T12:45:57.902+0000] {dag.py:3954} INFO - Setting next_dagrun for data_pipeline_demo to None, run_after=None
[2025-04-18T12:45:57.934+0000] {processor.py:183} INFO - Processing /opt/airflow/dags/pipeline.py took 0.622 seconds
[2025-04-18T12:46:28.729+0000] {processor.py:161} INFO - Started process (PID=1786) to work on /opt/airflow/dags/pipeline.py
[2025-04-18T12:46:28.731+0000] {processor.py:830} INFO - Processing file /opt/airflow/dags/pipeline.py for tasks to queue
[2025-04-18T12:46:28.734+0000] {logging_mixin.py:188} INFO - [2025-04-18T12:46:28.734+0000] {dagbag.py:545} INFO - Filling up the DagBag from /opt/airflow/dags/pipeline.py
[2025-04-18T12:46:29.162+0000] {processor.py:840} INFO - DAG(s) 'data_pipeline_demo' retrieved from /opt/airflow/dags/pipeline.py
[2025-04-18T12:46:29.192+0000] {logging_mixin.py:188} INFO - [2025-04-18T12:46:29.191+0000] {dag.py:3096} INFO - Sync 1 DAGs
[2025-04-18T12:46:29.207+0000] {logging_mixin.py:188} INFO - [2025-04-18T12:46:29.207+0000] {dag.py:3954} INFO - Setting next_dagrun for data_pipeline_demo to None, run_after=None
[2025-04-18T12:46:29.238+0000] {processor.py:183} INFO - Processing /opt/airflow/dags/pipeline.py took 0.520 seconds
[2025-04-18T12:46:59.729+0000] {processor.py:161} INFO - Started process (PID=1792) to work on /opt/airflow/dags/pipeline.py
[2025-04-18T12:46:59.733+0000] {processor.py:830} INFO - Processing file /opt/airflow/dags/pipeline.py for tasks to queue
[2025-04-18T12:46:59.738+0000] {logging_mixin.py:188} INFO - [2025-04-18T12:46:59.737+0000] {dagbag.py:545} INFO - Filling up the DagBag from /opt/airflow/dags/pipeline.py
[2025-04-18T12:47:00.240+0000] {processor.py:840} INFO - DAG(s) 'data_pipeline_demo' retrieved from /opt/airflow/dags/pipeline.py
[2025-04-18T12:47:00.289+0000] {logging_mixin.py:188} INFO - [2025-04-18T12:47:00.288+0000] {dag.py:3096} INFO - Sync 1 DAGs
[2025-04-18T12:47:00.315+0000] {logging_mixin.py:188} INFO - [2025-04-18T12:47:00.315+0000] {dag.py:3954} INFO - Setting next_dagrun for data_pipeline_demo to None, run_after=None
[2025-04-18T12:47:00.356+0000] {processor.py:183} INFO - Processing /opt/airflow/dags/pipeline.py took 0.647 seconds
[2025-04-18T12:47:30.770+0000] {processor.py:161} INFO - Started process (PID=1798) to work on /opt/airflow/dags/pipeline.py
[2025-04-18T12:47:30.776+0000] {processor.py:830} INFO - Processing file /opt/airflow/dags/pipeline.py for tasks to queue
[2025-04-18T12:47:30.786+0000] {logging_mixin.py:188} INFO - [2025-04-18T12:47:30.784+0000] {dagbag.py:545} INFO - Filling up the DagBag from /opt/airflow/dags/pipeline.py
[2025-04-18T12:47:31.302+0000] {processor.py:840} INFO - DAG(s) 'data_pipeline_demo' retrieved from /opt/airflow/dags/pipeline.py
[2025-04-18T12:47:31.332+0000] {logging_mixin.py:188} INFO - [2025-04-18T12:47:31.332+0000] {dag.py:3096} INFO - Sync 1 DAGs
[2025-04-18T12:47:31.346+0000] {logging_mixin.py:188} INFO - [2025-04-18T12:47:31.346+0000] {dag.py:3954} INFO - Setting next_dagrun for data_pipeline_demo to None, run_after=None
[2025-04-18T12:47:31.375+0000] {processor.py:183} INFO - Processing /opt/airflow/dags/pipeline.py took 0.631 seconds
[2025-04-18T12:48:02.039+0000] {processor.py:161} INFO - Started process (PID=1804) to work on /opt/airflow/dags/pipeline.py
[2025-04-18T12:48:02.042+0000] {processor.py:830} INFO - Processing file /opt/airflow/dags/pipeline.py for tasks to queue
[2025-04-18T12:48:02.047+0000] {logging_mixin.py:188} INFO - [2025-04-18T12:48:02.046+0000] {dagbag.py:545} INFO - Filling up the DagBag from /opt/airflow/dags/pipeline.py
[2025-04-18T12:48:02.541+0000] {processor.py:840} INFO - DAG(s) 'data_pipeline_demo' retrieved from /opt/airflow/dags/pipeline.py
[2025-04-18T12:48:02.579+0000] {logging_mixin.py:188} INFO - [2025-04-18T12:48:02.578+0000] {dag.py:3096} INFO - Sync 1 DAGs
[2025-04-18T12:48:02.597+0000] {logging_mixin.py:188} INFO - [2025-04-18T12:48:02.597+0000] {dag.py:3954} INFO - Setting next_dagrun for data_pipeline_demo to None, run_after=None
[2025-04-18T12:48:02.630+0000] {processor.py:183} INFO - Processing /opt/airflow/dags/pipeline.py took 0.608 seconds
[2025-04-18T12:48:11.319+0000] {processor.py:161} INFO - Started process (PID=1810) to work on /opt/airflow/dags/pipeline.py
[2025-04-18T12:48:11.321+0000] {processor.py:830} INFO - Processing file /opt/airflow/dags/pipeline.py for tasks to queue
[2025-04-18T12:48:11.323+0000] {logging_mixin.py:188} INFO - [2025-04-18T12:48:11.323+0000] {dagbag.py:545} INFO - Filling up the DagBag from /opt/airflow/dags/pipeline.py
[2025-04-18T12:48:11.738+0000] {processor.py:840} INFO - DAG(s) 'data_pipeline_demo' retrieved from /opt/airflow/dags/pipeline.py
[2025-04-18T12:48:11.767+0000] {logging_mixin.py:188} INFO - [2025-04-18T12:48:11.766+0000] {dag.py:3096} INFO - Sync 1 DAGs
[2025-04-18T12:48:11.781+0000] {logging_mixin.py:188} INFO - [2025-04-18T12:48:11.781+0000] {dag.py:3954} INFO - Setting next_dagrun for data_pipeline_demo to None, run_after=None
[2025-04-18T12:48:11.867+0000] {processor.py:183} INFO - Processing /opt/airflow/dags/pipeline.py took 0.556 seconds
[2025-04-18T12:48:42.648+0000] {processor.py:161} INFO - Started process (PID=1816) to work on /opt/airflow/dags/pipeline.py
[2025-04-18T12:48:42.654+0000] {processor.py:830} INFO - Processing file /opt/airflow/dags/pipeline.py for tasks to queue
[2025-04-18T12:48:42.663+0000] {logging_mixin.py:188} INFO - [2025-04-18T12:48:42.662+0000] {dagbag.py:545} INFO - Filling up the DagBag from /opt/airflow/dags/pipeline.py
[2025-04-18T12:48:43.227+0000] {processor.py:840} INFO - DAG(s) 'data_pipeline_demo' retrieved from /opt/airflow/dags/pipeline.py
[2025-04-18T12:48:43.274+0000] {logging_mixin.py:188} INFO - [2025-04-18T12:48:43.273+0000] {dag.py:3096} INFO - Sync 1 DAGs
[2025-04-18T12:48:43.319+0000] {logging_mixin.py:188} INFO - [2025-04-18T12:48:43.318+0000] {dag.py:3954} INFO - Setting next_dagrun for data_pipeline_demo to None, run_after=None
[2025-04-18T12:48:43.464+0000] {processor.py:183} INFO - Processing /opt/airflow/dags/pipeline.py took 0.850 seconds
[2025-04-18T12:49:14.397+0000] {processor.py:161} INFO - Started process (PID=1822) to work on /opt/airflow/dags/pipeline.py
[2025-04-18T12:49:14.410+0000] {processor.py:830} INFO - Processing file /opt/airflow/dags/pipeline.py for tasks to queue
[2025-04-18T12:49:14.426+0000] {logging_mixin.py:188} INFO - [2025-04-18T12:49:14.424+0000] {dagbag.py:545} INFO - Filling up the DagBag from /opt/airflow/dags/pipeline.py
[2025-04-18T12:49:15.004+0000] {processor.py:840} INFO - DAG(s) 'data_pipeline_demo' retrieved from /opt/airflow/dags/pipeline.py
[2025-04-18T12:49:15.036+0000] {logging_mixin.py:188} INFO - [2025-04-18T12:49:15.036+0000] {dag.py:3096} INFO - Sync 1 DAGs
[2025-04-18T12:49:15.052+0000] {logging_mixin.py:188} INFO - [2025-04-18T12:49:15.052+0000] {dag.py:3954} INFO - Setting next_dagrun for data_pipeline_demo to None, run_after=None
[2025-04-18T12:49:15.168+0000] {processor.py:183} INFO - Processing /opt/airflow/dags/pipeline.py took 0.809 seconds
[2025-04-18T12:49:46.365+0000] {processor.py:161} INFO - Started process (PID=1828) to work on /opt/airflow/dags/pipeline.py
[2025-04-18T12:49:46.369+0000] {processor.py:830} INFO - Processing file /opt/airflow/dags/pipeline.py for tasks to queue
[2025-04-18T12:49:46.375+0000] {logging_mixin.py:188} INFO - [2025-04-18T12:49:46.374+0000] {dagbag.py:545} INFO - Filling up the DagBag from /opt/airflow/dags/pipeline.py
[2025-04-18T12:49:47.011+0000] {processor.py:840} INFO - DAG(s) 'data_pipeline_demo' retrieved from /opt/airflow/dags/pipeline.py
[2025-04-18T12:49:47.041+0000] {logging_mixin.py:188} INFO - [2025-04-18T12:49:47.040+0000] {dag.py:3096} INFO - Sync 1 DAGs
[2025-04-18T12:49:47.057+0000] {logging_mixin.py:188} INFO - [2025-04-18T12:49:47.057+0000] {dag.py:3954} INFO - Setting next_dagrun for data_pipeline_demo to None, run_after=None
[2025-04-18T12:49:47.167+0000] {processor.py:183} INFO - Processing /opt/airflow/dags/pipeline.py took 0.821 seconds
[2025-04-18T12:50:18.006+0000] {processor.py:161} INFO - Started process (PID=1834) to work on /opt/airflow/dags/pipeline.py
[2025-04-18T12:50:18.008+0000] {processor.py:830} INFO - Processing file /opt/airflow/dags/pipeline.py for tasks to queue
[2025-04-18T12:50:18.013+0000] {logging_mixin.py:188} INFO - [2025-04-18T12:50:18.012+0000] {dagbag.py:545} INFO - Filling up the DagBag from /opt/airflow/dags/pipeline.py
[2025-04-18T12:50:18.698+0000] {processor.py:840} INFO - DAG(s) 'data_pipeline_demo' retrieved from /opt/airflow/dags/pipeline.py
[2025-04-18T12:50:18.810+0000] {logging_mixin.py:188} INFO - [2025-04-18T12:50:18.809+0000] {dag.py:3096} INFO - Sync 1 DAGs
[2025-04-18T12:50:18.862+0000] {logging_mixin.py:188} INFO - [2025-04-18T12:50:18.861+0000] {dag.py:3954} INFO - Setting next_dagrun for data_pipeline_demo to None, run_after=None
[2025-04-18T12:50:18.927+0000] {processor.py:183} INFO - Processing /opt/airflow/dags/pipeline.py took 0.938 seconds
